[debug] [2022-06-09T06:21:38.013Z] ----------------------------------------------------------------------
[debug] [2022-06-09T06:21:38.016Z] Command:       C:\Program Files\nodejs\node.exe C:\Users\Rishi\AppData\Roaming\npm\node_modules\firebase-tools\lib\bin\firebase.js emulators:start
[debug] [2022-06-09T06:21:38.017Z] CLI Version:   11.0.1
[debug] [2022-06-09T06:21:38.017Z] Platform:      win32
[debug] [2022-06-09T06:21:38.017Z] Node Version:  v16.14.2
[debug] [2022-06-09T06:21:38.095Z] Time:          Thu Jun 09 2022 11:51:38 GMT+0530 (India Standard Time)
[debug] [2022-06-09T06:21:38.096Z] ----------------------------------------------------------------------
[debug] 
[debug] [2022-06-09T06:21:38.309Z] > command requires scopes: ["email","openid","https://www.googleapis.com/auth/cloudplatformprojects.readonly","https://www.googleapis.com/auth/firebase","https://www.googleapis.com/auth/cloud-platform"]
[debug] [2022-06-09T06:21:38.310Z] > authorizing via signed-in user (meritgaming01@gmail.com)
[info] i  emulators: Starting emulators: functions, hosting {"metadata":{"emulator":{"name":"hub"},"message":"Starting emulators: functions, hosting"}}
[debug] [2022-06-09T06:21:38.358Z] [hub] writing locator at C:\Users\Rishi\AppData\Local\Temp\hub-clone-9ed63.json
[warn] !  functions: The following emulators are not running, calls to these services from the Functions emulator will affect production: auth, firestore, database, pubsub, storage {"metadata":{"emulator":{"name":"functions"},"message":"The following emulators are not running, calls to these services from the Functions emulator will affect production: \u001b[1mauth, firestore, database, pubsub, storage\u001b[22m"}}
[info] +  functions: Using node@16 from host. {"metadata":{"emulator":{"name":"functions"},"message":"Using node@16 from host."}}
[debug] [2022-06-09T06:21:38.879Z] defaultcredentials: writing to file C:\Users\Rishi\AppData\Roaming\firebase\meritgaming01_gmail_com_application_default_credentials.json
[debug] [2022-06-09T06:21:38.888Z] Setting GAC to C:\Users\Rishi\AppData\Roaming\firebase\meritgaming01_gmail_com_application_default_credentials.json {"metadata":{"emulator":{"name":"functions"},"message":"Setting GAC to C:\\Users\\Rishi\\AppData\\Roaming\\firebase\\meritgaming01_gmail_com_application_default_credentials.json"}}
[debug] [2022-06-09T06:21:38.890Z] > refreshing access token with scopes: []
[debug] [2022-06-09T06:21:38.891Z] >>> HTTP REQUEST POST https://www.googleapis.com/oauth2/v3/token  
 <request body omitted>
[debug] [2022-06-09T06:21:39.234Z] <<< HTTP RESPONSE 200 {"expires":"Mon, 01 Jan 1990 00:00:00 GMT","pragma":"no-cache","cache-control":"no-cache, no-store, max-age=0, must-revalidate","date":"Thu, 09 Jun 2022 06:21:39 GMT","content-type":"application/json; charset=utf-8","vary":"X-Origin, Referer, Origin,Accept-Encoding","server":"scaffolding on HTTPServer2","x-xss-protection":"0","x-frame-options":"SAMEORIGIN","x-content-type-options":"nosniff","alt-svc":"h3=\":443\"; ma=2592000,h3-29=\":443\"; ma=2592000,h3-Q050=\":443\"; ma=2592000,h3-Q046=\":443\"; ma=2592000,h3-Q043=\":443\"; ma=2592000,quic=\":443\"; ma=2592000; v=\"46,43\"","accept-ranges":"none","transfer-encoding":"chunked"}
[debug] [2022-06-09T06:21:39.689Z] >>> [apiv2][query] GET https://firebase.googleapis.com/v1beta1/projects/clone-9ed63/adminSdkConfig [none]
[debug] [2022-06-09T06:21:40.260Z] <<< [apiv2][status] GET https://firebase.googleapis.com/v1beta1/projects/clone-9ed63/adminSdkConfig 200
[debug] [2022-06-09T06:21:40.260Z] <<< [apiv2][body] GET https://firebase.googleapis.com/v1beta1/projects/clone-9ed63/adminSdkConfig {"projectId":"clone-9ed63","storageBucket":"clone-9ed63.appspot.com","locationId":"us-central"}
[debug] [2022-06-09T06:21:40.290Z] >>> [apiv2][query] GET https://firebasehosting.googleapis.com/v1beta1/projects/clone-9ed63/sites 
[debug] [2022-06-09T06:21:42.335Z] <<< [apiv2][status] GET https://firebasehosting.googleapis.com/v1beta1/projects/clone-9ed63/sites 200
[debug] [2022-06-09T06:21:42.336Z] <<< [apiv2][body] GET https://firebasehosting.googleapis.com/v1beta1/projects/clone-9ed63/sites {"sites":[{"name":"projects/clone-9ed63/sites/clone-9ed63","defaultUrl":"https://clone-9ed63.web.app","appId":"1:819371082719:web:59932310d3d156d381ba6a","type":"DEFAULT_SITE"}]}
[debug] [2022-06-09T06:21:42.336Z] >>> [apiv2][query] GET https://firebase.googleapis.com/v1beta1/projects/clone-9ed63/webApps/1:819371082719:web:59932310d3d156d381ba6a/config [none]
[debug] [2022-06-09T06:21:43.765Z] <<< [apiv2][status] GET https://firebase.googleapis.com/v1beta1/projects/clone-9ed63/webApps/1:819371082719:web:59932310d3d156d381ba6a/config 200
[debug] [2022-06-09T06:21:43.765Z] <<< [apiv2][body] GET https://firebase.googleapis.com/v1beta1/projects/clone-9ed63/webApps/1:819371082719:web:59932310d3d156d381ba6a/config {"projectId":"clone-9ed63","appId":"1:819371082719:web:59932310d3d156d381ba6a","storageBucket":"clone-9ed63.appspot.com","locationId":"us-central","apiKey":"AIzaSyCGdZU2rSSoCWugptBT4k70_pJDh__62Oc","authDomain":"clone-9ed63.firebaseapp.com","messagingSenderId":"819371082719","measurementId":"G-N759DG2L70"}
[info] i  hosting: Serving hosting files from: build {"metadata":{"emulator":{"name":"hosting"},"message":"Serving hosting files from: \u001b[1mbuild\u001b[22m"}}
[info] +  hosting: Local server: http://localhost:5000 {"metadata":{"emulator":{"name":"hosting"},"message":"Local server: \u001b[4m\u001b[1mhttp://localhost:5000\u001b[22m\u001b[24m"}}
[debug] [2022-06-09T06:21:44.477Z] Ignoring unsupported arg: auto_download {"metadata":{"emulator":{"name":"ui"},"message":"Ignoring unsupported arg: auto_download"}}
[debug] [2022-06-09T06:21:44.478Z] Ignoring unsupported arg: port {"metadata":{"emulator":{"name":"ui"},"message":"Ignoring unsupported arg: port"}}
[debug] [2022-06-09T06:21:44.478Z] Starting Emulator UI with command {"binary":"node","args":["--dns-result-order=ipv4first","C:\\Users\\Rishi\\.cache\\firebase\\emulators\\ui-v1.7.0\\server.bundle.js"],"optionalArgs":[],"joinArgs":false} {"metadata":{"emulator":{"name":"ui"},"message":"Starting Emulator UI with command {\"binary\":\"node\",\"args\":[\"--dns-result-order=ipv4first\",\"C:\\\\Users\\\\Rishi\\\\.cache\\\\firebase\\\\emulators\\\\ui-v1.7.0\\\\server.bundle.js\"],\"optionalArgs\":[],\"joinArgs\":false}"}}
[info] i  ui: Emulator UI logging to ui-debug.log {"metadata":{"emulator":{"name":"ui"},"message":"Emulator UI logging to \u001b[1mui-debug.log\u001b[22m"}}
[debug] [2022-06-09T06:21:44.761Z] Web / API server started at localhost:4000
 {"metadata":{"emulator":{"name":"ui"},"message":"Web / API server started at localhost:4000\n"}}
[info] i  functions: Watching "B:\Projects\amazon-clone\functions" for Cloud Functions... {"metadata":{"emulator":{"name":"functions"},"message":"Watching \"B:\\Projects\\amazon-clone\\functions\" for Cloud Functions..."}}
[debug] [2022-06-09T06:21:45.035Z] Validating nodejs source
[debug] [2022-06-09T06:21:49.878Z] > [functions] package.json contents: {
  "name": "functions",
  "description": "Cloud Functions for Firebase",
  "scripts": {
    "lint": "eslint .",
    "serve": "firebase emulators:start --only functions",
    "shell": "firebase functions:shell",
    "start": "npm run shell",
    "deploy": "firebase deploy --only functions",
    "logs": "firebase functions:log"
  },
  "engines": {
    "node": "16"
  },
  "main": "index.js",
  "dependencies": {
    "axios": "^0.27.2",
    "cors": "^2.8.5",
    "express": "^4.18.1",
    "firebase-admin": "^10.0.2",
    "firebase-functions": "^3.18.0",
    "stripe": "^9.6.0"
  },
  "devDependencies": {
    "eslint": "^8.9.0",
    "eslint-config-google": "^0.14.0",
    "firebase-functions-test": "^0.2.0"
  },
  "private": true
}
[debug] [2022-06-09T06:21:49.879Z] Building nodejs source
[debug] [2022-06-09T06:21:49.879Z] Analyzing nodejs backend spec
[debug] [2022-06-09T06:21:49.881Z] Could not find functions.yaml. Must use http discovery
[debug] [2022-06-09T06:21:52.251Z] Serving at port 9005

[debug] [2022-06-09T06:21:53.693Z] Got response from /__/functions.yaml {"endpoints":{"api":{"platform":"gcfv1","httpsTrigger":{},"entryPoint":"api"}},"specVersion":"v1alpha1","requiredAPIs":[]}
[debug] [2022-06-09T06:21:53.708Z] shutdown requested via /__/quitquitquit

[info] +  functions[us-central1-api]: http function initialized (http://localhost:5001/clone-9ed63/us-central1/api). {"metadata":{"emulator":{"name":"functions"},"message":"\u001b[1mhttp\u001b[22m function initialized (http://localhost:5001/clone-9ed63/us-central1/api)."}}
[info] 
┌─────────────────────────────────────────────────────────────┐
│ ✔  All emulators ready! It is now safe to connect your app. │
│ i  View Emulator UI at http://localhost:4000                │
└─────────────────────────────────────────────────────────────┘

┌───────────┬────────────────┬─────────────────────────────────┐
│ Emulator  │ Host:Port      │ View in Emulator UI             │
├───────────┼────────────────┼─────────────────────────────────┤
│ Functions │ localhost:5001 │ http://localhost:4000/functions │
├───────────┼────────────────┼─────────────────────────────────┤
│ Hosting   │ localhost:5000 │ n/a                             │
└───────────┴────────────────┴─────────────────────────────────┘
  Emulator Hub running at localhost:4400
  Other reserved ports: 4500

Issues? Report them at https://github.com/firebase/firebase-tools/issues and attach the *-debug.log files.
 
[debug] [2022-06-09T06:40:44.743Z] [work-queue] {"queueLength":1,"workRunningCount":0}
[debug] [2022-06-09T06:40:44.745Z] [work-queue] {"queueLength":0,"workRunningCount":1}
[debug] [2022-06-09T06:40:44.746Z] Accepted request GET /clone-9ed63/us-central1/api --> us-central1-api
[debug] [2022-06-09T06:40:45.062Z] [worker-pool] addWorker(us-central1-api) {"metadata":{"emulator":{"name":"functions"},"message":"[worker-pool] addWorker(us-central1-api)"}}
[debug] [2022-06-09T06:40:45.063Z] [worker-pool] Adding worker with key us-central1-api, total=1 {"metadata":{"emulator":{"name":"functions"},"message":"[worker-pool] Adding worker with key us-central1-api, total=1"}}
[debug] [2022-06-09T06:40:45.063Z] [worker-pool] submitWork(triggerId=us-central1-api) {"metadata":{"emulator":{"name":"functions"},"message":"[worker-pool] submitWork(triggerId=us-central1-api)"}}
[debug] [2022-06-09T06:40:45.064Z] [worker-us-central1-api-0771da62-c108-444f-9462-6b31353ef87a]: Assigning socketPath: \\?\pipe\B:\Projects\amazon-clone\functions\7620 {"metadata":{"emulator":{"name":"functions"},"message":"[worker-us-central1-api-0771da62-c108-444f-9462-6b31353ef87a]: Assigning socketPath: \\\\?\\pipe\\B:\\Projects\\amazon-clone\\functions\\7620"}}
[debug] [2022-06-09T06:40:45.065Z] [worker-us-central1-api-0771da62-c108-444f-9462-6b31353ef87a]: BUSY {"metadata":{"emulator":{"name":"functions"},"message":"[worker-us-central1-api-0771da62-c108-444f-9462-6b31353ef87a]: BUSY"}}
[debug] [2022-06-09T06:40:47.169Z] [runtime-status] [7620] Functions runtime initialized. {"cwd":"B:\\Projects\\amazon-clone\\functions","node_version":"16.14.2"} {"metadata":{"emulator":{"name":"functions"},"function":{"name":"us-central1-api"},"extension":{},"message":"[runtime-status] [7620] Functions runtime initialized. {\"cwd\":\"B:\\\\Projects\\\\amazon-clone\\\\functions\",\"node_version\":\"16.14.2\"}"}}
[debug] [2022-06-09T06:40:47.170Z] [runtime-status] [7620] Disabled runtime features: undefined {"metadata":{"emulator":{"name":"functions"},"function":{"name":"us-central1-api"},"extension":{},"message":"[runtime-status] [7620] Disabled runtime features: undefined"}}
[debug] [2022-06-09T06:40:47.175Z] [runtime-status] [7620] Resolved module firebase-admin {"declared":true,"installed":true,"version":"10.2.0","resolution":"B:\\Projects\\amazon-clone\\functions\\node_modules\\firebase-admin\\lib\\index.js"} {"metadata":{"emulator":{"name":"functions"},"function":{"name":"us-central1-api"},"extension":{},"message":"[runtime-status] [7620] Resolved module firebase-admin {\"declared\":true,\"installed\":true,\"version\":\"10.2.0\",\"resolution\":\"B:\\\\Projects\\\\amazon-clone\\\\functions\\\\node_modules\\\\firebase-admin\\\\lib\\\\index.js\"}"}}
[debug] [2022-06-09T06:40:47.176Z] [runtime-status] [7620] Resolved module firebase-functions {"declared":true,"installed":true,"version":"3.21.2","resolution":"B:\\Projects\\amazon-clone\\functions\\node_modules\\firebase-functions\\lib\\index.js"} {"metadata":{"emulator":{"name":"functions"},"function":{"name":"us-central1-api"},"extension":{},"message":"[runtime-status] [7620] Resolved module firebase-functions {\"declared\":true,\"installed\":true,\"version\":\"3.21.2\",\"resolution\":\"B:\\\\Projects\\\\amazon-clone\\\\functions\\\\node_modules\\\\firebase-functions\\\\lib\\\\index.js\"}"}}
[debug] [2022-06-09T06:40:47.177Z] [runtime-status] [7620] Outgoing network have been stubbed. [{"name":"http","status":"mocked"},{"name":"http","status":"mocked"},{"name":"https","status":"mocked"},{"name":"https","status":"mocked"},{"name":"net","status":"mocked"}] {"metadata":{"emulator":{"name":"functions"},"function":{"name":"us-central1-api"},"extension":{},"message":"[runtime-status] [7620] Outgoing network have been stubbed. [{\"name\":\"http\",\"status\":\"mocked\"},{\"name\":\"http\",\"status\":\"mocked\"},{\"name\":\"https\",\"status\":\"mocked\"},{\"name\":\"https\",\"status\":\"mocked\"},{\"name\":\"net\",\"status\":\"mocked\"}]"}}
[debug] [2022-06-09T06:40:47.178Z] [runtime-status] [7620] Resolved module firebase-functions {"declared":true,"installed":true,"version":"3.21.2","resolution":"B:\\Projects\\amazon-clone\\functions\\node_modules\\firebase-functions\\lib\\index.js"} {"metadata":{"emulator":{"name":"functions"},"function":{"name":"us-central1-api"},"extension":{},"message":"[runtime-status] [7620] Resolved module firebase-functions {\"declared\":true,\"installed\":true,\"version\":\"3.21.2\",\"resolution\":\"B:\\\\Projects\\\\amazon-clone\\\\functions\\\\node_modules\\\\firebase-functions\\\\lib\\\\index.js\"}"}}
[debug] [2022-06-09T06:40:47.236Z] [runtime-status] [7620] Checked functions.config() {"config":{}} {"metadata":{"emulator":{"name":"functions"},"function":{"name":"us-central1-api"},"extension":{},"message":"[runtime-status] [7620] Checked functions.config() {\"config\":{}}"}}
[debug] [2022-06-09T06:40:47.236Z] [runtime-status] [7620] firebase-functions has been stubbed. {"functionsResolution":{"declared":true,"installed":true,"version":"3.21.2","resolution":"B:\\Projects\\amazon-clone\\functions\\node_modules\\firebase-functions\\lib\\index.js"}} {"metadata":{"emulator":{"name":"functions"},"function":{"name":"us-central1-api"},"extension":{},"message":"[runtime-status] [7620] firebase-functions has been stubbed. {\"functionsResolution\":{\"declared\":true,\"installed\":true,\"version\":\"3.21.2\",\"resolution\":\"B:\\\\Projects\\\\amazon-clone\\\\functions\\\\node_modules\\\\firebase-functions\\\\lib\\\\index.js\"}}"}}
[debug] [2022-06-09T06:40:47.237Z] [runtime-status] [7620] Resolved module firebase-functions {"declared":true,"installed":true,"version":"3.21.2","resolution":"B:\\Projects\\amazon-clone\\functions\\node_modules\\firebase-functions\\lib\\index.js"} {"metadata":{"emulator":{"name":"functions"},"function":{"name":"us-central1-api"},"extension":{},"message":"[runtime-status] [7620] Resolved module firebase-functions {\"declared\":true,\"installed\":true,\"version\":\"3.21.2\",\"resolution\":\"B:\\\\Projects\\\\amazon-clone\\\\functions\\\\node_modules\\\\firebase-functions\\\\lib\\\\index.js\"}"}}
[debug] [2022-06-09T06:40:47.240Z] [runtime-status] [7620] Resolved module firebase-admin {"declared":true,"installed":true,"version":"10.2.0","resolution":"B:\\Projects\\amazon-clone\\functions\\node_modules\\firebase-admin\\lib\\index.js"} {"metadata":{"emulator":{"name":"functions"},"function":{"name":"us-central1-api"},"extension":{},"message":"[runtime-status] [7620] Resolved module firebase-admin {\"declared\":true,\"installed\":true,\"version\":\"10.2.0\",\"resolution\":\"B:\\\\Projects\\\\amazon-clone\\\\functions\\\\node_modules\\\\firebase-admin\\\\lib\\\\index.js\"}"}}
[debug] [2022-06-09T06:40:47.241Z] [runtime-status] [7620] Resolved module firebase-functions {"declared":true,"installed":true,"version":"3.21.2","resolution":"B:\\Projects\\amazon-clone\\functions\\node_modules\\firebase-functions\\lib\\index.js"} {"metadata":{"emulator":{"name":"functions"},"function":{"name":"us-central1-api"},"extension":{},"message":"[runtime-status] [7620] Resolved module firebase-functions {\"declared\":true,\"installed\":true,\"version\":\"3.21.2\",\"resolution\":\"B:\\\\Projects\\\\amazon-clone\\\\functions\\\\node_modules\\\\firebase-functions\\\\lib\\\\index.js\"}"}}
[debug] [2022-06-09T06:40:47.241Z] [runtime-status] [7620] firebase-admin has been stubbed. {"adminResolution":{"declared":true,"installed":true,"version":"10.2.0","resolution":"B:\\Projects\\amazon-clone\\functions\\node_modules\\firebase-admin\\lib\\index.js"}} {"metadata":{"emulator":{"name":"functions"},"function":{"name":"us-central1-api"},"extension":{},"message":"[runtime-status] [7620] firebase-admin has been stubbed. {\"adminResolution\":{\"declared\":true,\"installed\":true,\"version\":\"10.2.0\",\"resolution\":\"B:\\\\Projects\\\\amazon-clone\\\\functions\\\\node_modules\\\\firebase-admin\\\\lib\\\\index.js\"}}"}}
[debug] [2022-06-09T06:40:47.455Z] [runtime-status] [7620] Beginning invocation function api! {"metadata":{"emulator":{"name":"functions"},"function":{"name":"us-central1-api"},"extension":{},"message":"[runtime-status] [7620] Beginning invocation function api!"}}
[info] i  functions: Beginning execution of "api" {"metadata":{"emulator":{"name":"functions"},"function":{"name":"us-central1-api"},"extension":{},"message":"Beginning execution of \"api\""}}
[debug] [2022-06-09T06:40:47.457Z] [runtime-status] [7620] Running api in signature http {"metadata":{"emulator":{"name":"functions"},"function":{"name":"us-central1-api"},"extension":{},"message":"[runtime-status] [7620] Running api in signature http"}}
[debug] [2022-06-09T06:40:47.460Z] [runtime-status] [7620] Attempting to listen to socketPath: \\?\pipe\B:\Projects\amazon-clone\functions\7620 {"metadata":{"emulator":{"name":"functions"},"function":{"name":"us-central1-api"},"extension":{},"message":"[runtime-status] [7620] Attempting to listen to socketPath: \\\\?\\pipe\\B:\\Projects\\amazon-clone\\functions\\7620"}}
[debug] [2022-06-09T06:40:47.469Z] [functions] Runtime ready! Sending request! {"metadata":{"emulator":{"name":"functions"},"message":"[functions] Runtime ready! Sending request!"}}
[debug] [2022-06-09T06:40:47.470Z] [functions] Got req.url=/clone-9ed63/us-central1/api, mapping to path=/ {"metadata":{"emulator":{"name":"functions"},"message":"[functions] Got req.url=/clone-9ed63/us-central1/api, mapping to path=/"}}
[debug] [2022-06-09T06:40:47.492Z] [runtime-status] [7620] Ephemeral server handling GET request {"metadata":{"emulator":{"name":"functions"},"function":{"name":"us-central1-api"},"extension":{},"message":"[runtime-status] [7620] Ephemeral server handling GET request"}}
[debug] [2022-06-09T06:40:47.501Z] [runtime-status] [7620] Ephemeral server survived. {"metadata":{"emulator":{"name":"functions"},"function":{"name":"us-central1-api"},"extension":{},"message":"[runtime-status] [7620] Ephemeral server survived."}}
[info] i  functions: Finished "api" in ~1s {"metadata":{"emulator":{"name":"functions"},"function":{"name":"us-central1-api"},"extension":{},"message":"Finished \"api\" in ~1s"}}
[debug] [2022-06-09T06:40:47.527Z] [worker-us-central1-api-0771da62-c108-444f-9462-6b31353ef87a]: IDLE {"metadata":{"emulator":{"name":"functions"},"message":"[worker-us-central1-api-0771da62-c108-444f-9462-6b31353ef87a]: IDLE"}}
[debug] [2022-06-09T06:40:47.527Z] [work-queue] {"queueLength":0,"workRunningCount":0}
[debug] [2022-06-09T06:40:47.644Z] Functions emulator received unknown request at path /favicon.ico
[debug] [2022-06-09T06:52:24.333Z] File B:\Projects\amazon-clone\functions\index.js changed, reloading triggers {"metadata":{"emulator":{"name":"functions"},"message":"File B:\\Projects\\amazon-clone\\functions\\index.js changed, reloading triggers"}}
[debug] [2022-06-09T06:52:25.340Z] [worker-pool] Shutting down IDLE worker (us-central1-api) {"metadata":{"emulator":{"name":"functions"},"message":"[worker-pool] Shutting down IDLE worker (us-central1-api)"}}
[debug] [2022-06-09T06:52:25.340Z] [worker-us-central1-api-0771da62-c108-444f-9462-6b31353ef87a]: FINISHING {"metadata":{"emulator":{"name":"functions"},"message":"[worker-us-central1-api-0771da62-c108-444f-9462-6b31353ef87a]: FINISHING"}}
[debug] [2022-06-09T06:52:25.349Z] Validating nodejs source
[debug] [2022-06-09T06:52:36.164Z] > [functions] package.json contents: {
  "name": "functions",
  "description": "Cloud Functions for Firebase",
  "scripts": {
    "lint": "eslint .",
    "serve": "firebase emulators:start --only functions",
    "shell": "firebase functions:shell",
    "start": "npm run shell",
    "deploy": "firebase deploy --only functions",
    "logs": "firebase functions:log"
  },
  "engines": {
    "node": "16"
  },
  "main": "index.js",
  "dependencies": {
    "axios": "^0.27.2",
    "cors": "^2.8.5",
    "express": "^4.18.1",
    "firebase-admin": "^10.0.2",
    "firebase-functions": "^3.18.0",
    "stripe": "^9.6.0"
  },
  "devDependencies": {
    "eslint": "^8.9.0",
    "eslint-config-google": "^0.14.0",
    "firebase-functions-test": "^0.2.0"
  },
  "private": true
}
[debug] [2022-06-09T06:52:36.165Z] Building nodejs source
[debug] [2022-06-09T06:52:36.165Z] Analyzing nodejs backend spec
[debug] [2022-06-09T06:52:36.167Z] Could not find functions.yaml. Must use http discovery
[debug] [2022-06-09T06:52:36.214Z] [worker-us-central1-api-0771da62-c108-444f-9462-6b31353ef87a]: exited {"metadata":{"emulator":{"name":"functions"},"message":"[worker-us-central1-api-0771da62-c108-444f-9462-6b31353ef87a]: exited"}}
[debug] [2022-06-09T06:52:36.214Z] [worker-us-central1-api-0771da62-c108-444f-9462-6b31353ef87a]: FINISHED {"metadata":{"emulator":{"name":"functions"},"message":"[worker-us-central1-api-0771da62-c108-444f-9462-6b31353ef87a]: FINISHED"}}
[debug] [2022-06-09T06:52:36.683Z] Serving at port 9005

[debug] [2022-06-09T06:52:36.913Z] Got response from /__/functions.yaml {"endpoints":{"api":{"platform":"gcfv1","httpsTrigger":{},"entryPoint":"api"}},"specVersion":"v1alpha1","requiredAPIs":[]}
[debug] [2022-06-09T06:52:36.930Z] shutdown requested via /__/quitquitquit

[debug] [2022-06-09T06:52:50.941Z] File B:\Projects\amazon-clone\functions\index.js changed, reloading triggers {"metadata":{"emulator":{"name":"functions"},"message":"File B:\\Projects\\amazon-clone\\functions\\index.js changed, reloading triggers"}}
[debug] [2022-06-09T06:52:51.957Z] Validating nodejs source
[debug] [2022-06-09T06:52:56.017Z] > [functions] package.json contents: {
  "name": "functions",
  "description": "Cloud Functions for Firebase",
  "scripts": {
    "lint": "eslint .",
    "serve": "firebase emulators:start --only functions",
    "shell": "firebase functions:shell",
    "start": "npm run shell",
    "deploy": "firebase deploy --only functions",
    "logs": "firebase functions:log"
  },
  "engines": {
    "node": "16"
  },
  "main": "index.js",
  "dependencies": {
    "axios": "^0.27.2",
    "cors": "^2.8.5",
    "express": "^4.18.1",
    "firebase-admin": "^10.0.2",
    "firebase-functions": "^3.18.0",
    "stripe": "^9.6.0"
  },
  "devDependencies": {
    "eslint": "^8.9.0",
    "eslint-config-google": "^0.14.0",
    "firebase-functions-test": "^0.2.0"
  },
  "private": true
}
[debug] [2022-06-09T06:52:56.017Z] Building nodejs source
[debug] [2022-06-09T06:52:56.017Z] Analyzing nodejs backend spec
[debug] [2022-06-09T06:52:56.018Z] Could not find functions.yaml. Must use http discovery
[debug] [2022-06-09T06:52:56.449Z] Serving at port 9005

[debug] [2022-06-09T06:52:56.614Z] Got response from /__/functions.yaml {"endpoints":{"api":{"platform":"gcfv1","httpsTrigger":{},"entryPoint":"api"}},"specVersion":"v1alpha1","requiredAPIs":[]}
[debug] [2022-06-09T06:52:56.623Z] shutdown requested via /__/quitquitquit

[debug] [2022-06-09T06:58:32.690Z] Received signal SIGHUP 1
